<?xml version="1.0" encoding="UTF-8" ?>
<testsuite errors="0" failures="0" hostname="MacBook-Pro-di-Fabrizio-Lovato.local" name="com.fabriziolovato.blackjack.AllTests" skipped="0" tests="21" time="0.08" timestamp="2014-04-08T13:36:32">
  <properties>
[...]
</properties>
  <testcase classname="com.fabriziolovato.blackjack.GameManagerTest" name="testNotEnoughChips" time="0.0050" />
  <testcase classname="com.fabriziolovato.blackjack.GameManagerTest" name="testWinBlackjack" time="0.0020" />
  <testcase classname="com.fabriziolovato.blackjack.GameManagerTest" name="testPush" time="0.0010" />
  <testcase classname="com.fabriziolovato.blackjack.GameManagerTest" name="testLostEverything" time="0.0010" />
  <testcase classname="com.fabriziolovato.blackjack.GameManagerTest" name="testWinLost" time="0.0020" />
  <testcase classname="com.fabriziolovato.blackjack.HandControllerTest" name="testPlayNewHandPlayer21DealerBlackjack" time="0.0010" />
  <testcase classname="com.fabriziolovato.blackjack.HandControllerTest" name="testPlayNewHandDealerTakesCardsBecauseExceed21WithAces" time="0.0020" />
  <testcase classname="com.fabriziolovato.blackjack.HandControllerTest" name="testPlayNewHandPlayerLost" time="0.0010" />
  <testcase classname="com.fabriziolovato.blackjack.HandControllerTest" name="testPlayNewHandDealerStopForS17OneCard" time="0.0010" />
  <testcase classname="com.fabriziolovato.blackjack.HandControllerTest" name="testPlayNewHandDealerStopForS17" time="0.0010" />
  <testcase classname="com.fabriziolovato.blackjack.HandControllerTest" name="testPlayNewHandPlayerWin" time="0.0020" />
  <testcase classname="com.fabriziolovato.blackjack.HandControllerTest" name="testPlayNewHandPlayerWinDealerExceed21" time="0.0010" />
  <testcase classname="com.fabriziolovato.blackjack.HandControllerTest" name="testPlayNewHandPlayerWinWithAce" time="0.0010" />
  <testcase classname="com.fabriziolovato.blackjack.HandControllerTest" name="testPlayNewHandPlayerLostExceed21" time="0.0010" />
  <testcase classname="com.fabriziolovato.blackjack.HandControllerTest" name="testPlayNewHandPush" time="0.0010" />
  <testcase classname="com.fabriziolovato.blackjack.HandControllerTest" name="testPlayNewHandPlayerLostWithDealerAce" time="0.0010" />
  <testcase classname="com.fabriziolovato.blackjack.HandControllerTest" name="testPlayNewHandPlayerWinBlackjack" time="0.0010" />
  <testcase classname="com.fabriziolovato.blackjack.HandControllerTest" name="testPlayNewHandPlayerWinWithDoubleAce" time="0.0010" />
  <testcase classname="com.fabriziolovato.blackjack.HandControllerTest" name="testPlayNewHandPush21" time="0.0010" />
  <testcase classname="com.fabriziolovato.blackjack.HandControllerTest" name="testPlayNewHandHitASoft17" time="0.0020" />
  <testcase classname="com.fabriziolovato.blackjack.HandControllerTest" name="testPlayNewHandPushBlackjack" time="0.0010" />
  <system-out><![CDATA[****** Welcome to Blackjack ******
Winning hands are paid 1:1, Blackjack are paids 3:2.
One card deck is used, shuffled every hand.

You have 90 chips.
New hand: true
You lost 60 chips.

You have 30 chips.
You don't have enough chips for a new hand.

******* GAME OVER *******

****** Welcome to Blackjack ******
Winning hands are paid 1:1, Blackjack are paids 3:2.
One card deck is used, shuffled every hand.

You have 80 chips.
New hand: true
You won 18 chips.

You have 98 chips.
New hand: true
You lost 5 chips.

You have 93 chips.
New hand: false

******* GAME OVER *******

****** Welcome to Blackjack ******
Winning hands are paid 1:1, Blackjack are paids 3:2.
One card deck is used, shuffled every hand.

You have 77 chips.
New hand: true
Push, it's a tied score.

You have 77 chips.
New hand: false

******* GAME OVER *******

****** Welcome to Blackjack ******
Winning hands are paid 1:1, Blackjack are paids 3:2.
One card deck is used, shuffled every hand.

You have 70 chips.
New hand: true
You lost 70 chips.

You have 0 chips.
You don't have enough chips for a new hand.

******* GAME OVER *******

****** Welcome to Blackjack ******
Winning hands are paid 1:1, Blackjack are paids 3:2.
One card deck is used, shuffled every hand.

You have 100 chips.
New hand: true
You won 1 chips.

You have 101 chips.
New hand: true
You lost 5 chips.

You have 96 chips.
New hand: false

******* GAME OVER *******

*** A new hand starts ***
It's your turn:
You cards: 10C 6C 
New card: true
You cards: 10C 6C 3C 
New card: false
It's dealer's turn:
Dealer's cards: AC 10C 

Dealer's score: 21
Blackjack of Dealer!
Your score: 19
You lost.
*** The hand is over ***
*** A new hand starts ***
It's your turn:
You cards: 10C 6C 
New card: true
You cards: 10C 6C 3C 
New card: false
It's dealer's turn:
Dealer's cards: AC 4C AC 10C 10C 

Dealer exceeded 21.
Your score: 19
You win!
*** The hand is over ***
*** A new hand starts ***
It's your turn:
You cards: 2C 10C 
New card: true
You cards: 2C 10C 7C 
New card: false
It's dealer's turn:
Dealer's cards: 10C 10C 

Dealer's score: 20
Your score: 19
You lost.
*** The hand is over ***
*** A new hand starts ***
It's your turn:
You cards: 10C 6C 
New card: true
You cards: 10C 6C 4C 
New card: false
It's dealer's turn:
Dealer's cards: AC 6C 4C 

Dealer's score: 21
Your score: 20
You lost.
*** The hand is over ***
*** A new hand starts ***
It's your turn:
You cards: 10C 6C 
New card: true
You cards: 10C 6C 3C 
New card: false
It's dealer's turn:
Dealer's cards: AC 6C 

Dealer's score: 17
Your score: 19
You win!
*** The hand is over ***
*** A new hand starts ***
It's your turn:
You cards: 2C 10C 
New card: true
You cards: 2C 10C 8C 
New card: false
It's dealer's turn:
Dealer's cards: 10C 8C 

Dealer's score: 18
Your score: 20
You win!
*** The hand is over ***
*** A new hand starts ***
It's your turn:
You cards: 2C 10C 
New card: true
You cards: 2C 10C 8C 
New card: false
It's dealer's turn:
Dealer's cards: 10C 5C 10C 

Dealer exceeded 21.
Your score: 20
You win!
*** The hand is over ***
*** A new hand starts ***
It's your turn:
You cards: 2C 7C 
New card: true
You cards: 2C 7C AC 
New card: false
It's dealer's turn:
Dealer's cards: 10C 8C 

Dealer's score: 18
Your score: 20
You win!
*** The hand is over ***
*** A new hand starts ***
It's your turn:
You cards: 2C 10C 
New card: true
You cards: 2C 10C 10C 

You exceeded 21.
*** The hand is over ***
*** A new hand starts ***
It's your turn:
You cards: 2C 7C 
New card: true
You cards: 2C 7C 10C 
New card: false
It's dealer's turn:
Dealer's cards: 9C 10C 

Dealer's score: 19
Your score: 19
Push, it's a tied score.
*** The hand is over ***
*** A new hand starts ***
It's your turn:
You cards: 2C 7C 
New card: true
You cards: 2C 7C 10C 
New card: false
It's dealer's turn:
Dealer's cards: 9C AC 

Dealer's score: 20
Your score: 19
You lost.
*** The hand is over ***
*** A new hand starts ***
It's your turn:
You cards: AC 10C 

It's dealer's turn:
Dealer's cards: 8C 10C 

Dealer's score: 18
Your score: 21
You made Blackjack!
You win!
*** The hand is over ***
*** A new hand starts ***
It's your turn:
You cards: 5C 2C 
New card: true
You cards: 5C 2C AC 
New card: true
You cards: 5C 2C AC AC 
New card: false
It's dealer's turn:
Dealer's cards: 10C 8C 

Dealer's score: 18
Your score: 19
You win!
*** The hand is over ***
*** A new hand starts ***
It's your turn:
You cards: 2C 9C 
New card: true
You cards: 2C 9C 10C 

It's dealer's turn:
Dealer's cards: 6C 10C 5C 

Dealer's score: 21
Your score: 21
Push, it's a tied score.
*** The hand is over ***
*** A new hand starts ***
It's your turn:
You cards: 10C 6C 
New card: true
You cards: 10C 6C 4C 
New card: false
It's dealer's turn:
Dealer's cards: 8C 8C AC 2C 

Dealer's score: 19
Your score: 20
You win!
*** The hand is over ***
*** A new hand starts ***
It's your turn:
You cards: AC 10C 

It's dealer's turn:
Dealer's cards: AC 10C 

Dealer's score: 21
Blackjack of Dealer!
Your score: 21
You made Blackjack!
Push, it's a tied score.
*** The hand is over ***
]]></system-out>
  <system-err><![CDATA[]]></system-err>
</testsuite>
